0 info it worked if it ends with ok
1 verbose cli [ 'node',
1 verbose cli   '/Users/francis/.nvm/v0.10.33/bin/npm',
1 verbose cli   'install',
1 verbose cli   'moment',
1 verbose cli   '--save' ]
2 info using npm@2.1.7
3 info using node@v0.10.33
4 silly cache add args [ 'moment', null ]
5 verbose cache add spec moment
6 silly cache add parsed spec { raw: 'moment',
6 silly cache add   scope: null,
6 silly cache add   name: 'moment',
6 silly cache add   rawSpec: '',
6 silly cache add   spec: '*',
6 silly cache add   type: 'range' }
7 verbose addNamed moment@*
8 silly addNamed semver.valid null
9 silly addNamed semver.validRange *
10 silly addNameRange { name: 'moment', range: '*', hasData: false }
11 silly mapToRegistry name moment
12 silly mapToRegistry using default registry
13 silly mapToRegistry registry https://registry.npmjs.org/
14 silly mapToRegistry uri https://registry.npmjs.org/moment
15 verbose addNameRange registry:https://registry.npmjs.org/moment not in flight; fetching
16 verbose request uri https://registry.npmjs.org/moment
17 verbose request no auth needed
18 info attempt registry request try #1 at 11:55:22
19 verbose request id 0d93d60587c9a82d
20 http request GET https://registry.npmjs.org/moment
21 http 200 https://registry.npmjs.org/moment
22 silly get cb [ 200,
22 silly get   { date: 'Sat, 08 Nov 2014 16:55:22 GMT',
22 silly get     server: 'CouchDB/1.5.0 (Erlang OTP/R16B03)',
22 silly get     etag: '"AJMYV9ZG5WN0DA8Z6MRKB1H1R"',
22 silly get     'content-type': 'application/json',
22 silly get     'cache-control': 'max-age=60',
22 silly get     'content-length': '47703',
22 silly get     'accept-ranges': 'bytes',
22 silly get     via: '1.1 varnish',
22 silly get     age: '46',
22 silly get     'x-served-by': 'cache-jfk1023-JFK',
22 silly get     'x-cache': 'HIT',
22 silly get     'x-cache-hits': '152',
22 silly get     'x-timer': 'S1415465722.263527,VS0,VE0',
22 silly get     vary: 'Accept',
22 silly get     'keep-alive': 'timeout=10, max=50',
22 silly get     connection: 'Keep-Alive' } ]
23 silly addNameRange number 2 { name: 'moment', range: '*', hasData: true }
24 silly addNameRange versions [ 'moment',
24 silly addNameRange   [ '1.0.0',
24 silly addNameRange     '1.0.1',
24 silly addNameRange     '1.1.0',
24 silly addNameRange     '1.1.1',
24 silly addNameRange     '1.2.0',
24 silly addNameRange     '1.3.0',
24 silly addNameRange     '1.4.0',
24 silly addNameRange     '1.5.0',
24 silly addNameRange     '1.5.1',
24 silly addNameRange     '1.6.0',
24 silly addNameRange     '1.6.1',
24 silly addNameRange     '1.6.2',
24 silly addNameRange     '1.7.0',
24 silly addNameRange     '1.7.1',
24 silly addNameRange     '1.7.2',
24 silly addNameRange     '2.0.0',
24 silly addNameRange     '2.1.0',
24 silly addNameRange     '2.2.1',
24 silly addNameRange     '2.3.0',
24 silly addNameRange     '2.3.1',
24 silly addNameRange     '2.4.0',
24 silly addNameRange     '2.5.0',
24 silly addNameRange     '2.5.1',
24 silly addNameRange     '2.6.0',
24 silly addNameRange     '2.7.0',
24 silly addNameRange     '2.8.1',
24 silly addNameRange     '2.8.2',
24 silly addNameRange     '2.8.3' ] ]
25 verbose addNamed moment@2.8.3
26 silly addNamed semver.valid 2.8.3
27 silly addNamed semver.validRange 2.8.3
28 silly mapToRegistry name moment
29 silly mapToRegistry using default registry
30 silly mapToRegistry registry https://registry.npmjs.org/
31 silly mapToRegistry uri https://registry.npmjs.org/moment
32 verbose addRemoteTarball https://registry.npmjs.org/moment/-/moment-2.8.3.tgz not in flight; adding
33 verbose addRemoteTarball [ 'https://registry.npmjs.org/moment/-/moment-2.8.3.tgz',
33 verbose addRemoteTarball   'a01427bf8910f014fc4baa1b8d96f17f7e3f29a2' ]
34 info retry fetch attempt 1 at 11:55:22
35 info attempt registry request try #1 at 11:55:22
36 http fetch GET https://registry.npmjs.org/moment/-/moment-2.8.3.tgz
37 http fetch 200 https://registry.npmjs.org/moment/-/moment-2.8.3.tgz
38 silly fetchAndShaCheck shasum a01427bf8910f014fc4baa1b8d96f17f7e3f29a2
39 verbose addTmpTarball /var/folders/n4/dr5f9t_91rs5wvxc_qwnkn800000gn/T/npm-45030-011d9b44/registry.npmjs.org/moment/-/moment-2.8.3.tgz not in flight; adding
40 verbose addTmpTarball already have metadata; skipping unpack for moment@2.8.3
41 silly cache afterAdd moment@2.8.3
42 verbose afterAdd /Users/francis/.npm/moment/2.8.3/package/package.json not in flight; writing
43 verbose afterAdd /Users/francis/.npm/moment/2.8.3/package/package.json written
44 silly install resolved [ { name: 'moment',
44 silly install resolved     version: '2.8.3',
44 silly install resolved     description: 'Parse, manipulate, and display dates.',
44 silly install resolved     homepage: 'http://momentjs.com',
44 silly install resolved     author:
44 silly install resolved      { name: 'Iskren Ivov Chernev',
44 silly install resolved        email: 'iskren.chernev@gmail.com',
44 silly install resolved        url: 'https://github.com/ichernev' },
44 silly install resolved     contributors: [ [Object], [Object], [Object], [Object], [Object] ],
44 silly install resolved     keywords:
44 silly install resolved      [ 'moment',
44 silly install resolved        'date',
44 silly install resolved        'time',
44 silly install resolved        'parse',
44 silly install resolved        'format',
44 silly install resolved        'validate',
44 silly install resolved        'i18n',
44 silly install resolved        'l10n',
44 silly install resolved        'ender' ],
44 silly install resolved     main: './moment.js',
44 silly install resolved     engines: { node: '*' },
44 silly install resolved     repository: { type: 'git', url: 'https://github.com/moment/moment.git' },
44 silly install resolved     bugs: { url: 'https://github.com/moment/moment/issues' },
44 silly install resolved     licenses: [ [Object] ],
44 silly install resolved     devDependencies:
44 silly install resolved      { 'uglify-js': 'latest',
44 silly install resolved        grunt: 'latest',
44 silly install resolved        nodeunit: 'latest',
44 silly install resolved        benchmark: 'latest',
44 silly install resolved        'grunt-contrib-jshint': 'latest',
44 silly install resolved        'grunt-contrib-nodeunit': 'latest',
44 silly install resolved        'grunt-contrib-concat': 'latest',
44 silly install resolved        'grunt-contrib-uglify': 'latest',
44 silly install resolved        'grunt-contrib-watch': 'latest',
44 silly install resolved        'grunt-env': 'latest',
44 silly install resolved        'grunt-jscs': 'latest',
44 silly install resolved        'grunt-karma': 'latest',
44 silly install resolved        'grunt-benchmark': 'latest',
44 silly install resolved        'grunt-string-replace': 'latest',
44 silly install resolved        'load-grunt-tasks': 'latest',
44 silly install resolved        karma: 'latest',
44 silly install resolved        'karma-chrome-launcher': 'latest',
44 silly install resolved        'karma-firefox-launcher': 'latest',
44 silly install resolved        'karma-nodeunit': 'latest',
44 silly install resolved        'karma-sauce-launcher': 'latest' },
44 silly install resolved     scripts: { test: 'grunt test:node' },
44 silly install resolved     ender: './ender.js',
44 silly install resolved     dojoBuild: 'package.js',
44 silly install resolved     jspm: { files: [Object], map: [Object], buildConfig: [Object] },
44 silly install resolved     spm: { main: 'moment.js', output: [Object] },
44 silly install resolved     _id: 'moment@2.8.3',
44 silly install resolved     dist:
44 silly install resolved      { shasum: 'a01427bf8910f014fc4baa1b8d96f17f7e3f29a2',
44 silly install resolved        tarball: 'http://registry.npmjs.org/moment/-/moment-2.8.3.tgz' },
44 silly install resolved     _from: 'moment@*',
44 silly install resolved     _npmVersion: '1.4.6',
44 silly install resolved     _npmUser: { name: 'ichernev', email: 'iskren.chernev@gmail.com' },
44 silly install resolved     maintainers: [ [Object], [Object] ],
44 silly install resolved     directories: {},
44 silly install resolved     _shasum: 'a01427bf8910f014fc4baa1b8d96f17f7e3f29a2',
44 silly install resolved     _resolved: 'https://registry.npmjs.org/moment/-/moment-2.8.3.tgz' } ]
45 info install moment@2.8.3 into /Users/francis/Documents/Sites/lineup
46 info installOne moment@2.8.3
47 verbose installOne of moment to /Users/francis/Documents/Sites/lineup not in flight; installing
48 warn locking Error: EACCES, open '/Users/francis/.npm/_locks/moment-05499df953a431e8.lock'
48 warn locking  /Users/francis/.npm/_locks/moment-05499df953a431e8.lock failed { [Error: EACCES, open '/Users/francis/.npm/_locks/moment-05499df953a431e8.lock']
48 warn locking   errno: 3,
48 warn locking   code: 'EACCES',
48 warn locking   path: '/Users/francis/.npm/_locks/moment-05499df953a431e8.lock' }
49 verbose stack Error: Attempt to unlock /Users/francis/Documents/Sites/lineup/node_modules/moment, which hasn't been locked
49 verbose stack     at unlock (/Users/francis/.nvm/v0.10.33/lib/node_modules/npm/lib/utils/locker.js:66:11)
49 verbose stack     at cb (/Users/francis/.nvm/v0.10.33/lib/node_modules/npm/lib/install.js:929:5)
49 verbose stack     at /Users/francis/.nvm/v0.10.33/lib/node_modules/npm/lib/install.js:933:20
49 verbose stack     at /Users/francis/.nvm/v0.10.33/lib/node_modules/npm/lib/utils/locker.js:40:9
49 verbose stack     at cb (/Users/francis/.nvm/v0.10.33/lib/node_modules/npm/node_modules/lockfile/lockfile.js:149:38)
49 verbose stack     at /Users/francis/.nvm/v0.10.33/lib/node_modules/npm/node_modules/lockfile/lockfile.js:177:38
49 verbose stack     at Object.oncomplete (fs.js:107:15)
50 verbose cwd /Users/francis/Documents/Sites/lineup
51 error Darwin 14.0.0
52 error argv "node" "/Users/francis/.nvm/v0.10.33/bin/npm" "install" "moment" "--save"
53 error node v0.10.33
54 error npm  v2.1.7
55 error Attempt to unlock /Users/francis/Documents/Sites/lineup/node_modules/moment, which hasn't been locked
56 error If you need help, you may report this error at:
56 error     <http://github.com/npm/npm/issues>
57 verbose exit [ 1, true ]
